This file contains any messages produced by compilers while
running configure, to aid debugging if configure makes a mistake.

It was created by configure, which was
generated by GNU Autoconf 2.61.  Invocation command line was

  $ ./configure 

## --------- ##
## Platform. ##
## --------- ##

hostname = ankh
uname -m = i686
uname -r = 2.6.24-19-generic
uname -s = Linux
uname -v = #1 SMP Wed Aug 20 22:56:21 UTC 2008

/usr/bin/uname -p = unknown
/bin/uname -X     = unknown

/bin/arch              = unknown
/usr/bin/arch -k       = unknown
/usr/convex/getsysinfo = unknown
/usr/bin/hostinfo      = unknown
/bin/machine           = unknown
/usr/bin/oslevel       = unknown
/bin/universe          = unknown

PATH: /home/genehack/bin
PATH: /home/genehack/local/bin
PATH: /opt/perl/bin
PATH: /home/genehack/bin
PATH: /home/genehack/local/bin
PATH: /opt/perl/bin
PATH: /home/genehack/bin
PATH: /home/genehack/local/bin
PATH: /usr/local/sbin
PATH: /usr/local/bin
PATH: /usr/sbin
PATH: /usr/bin
PATH: /sbin
PATH: /bin
PATH: /usr/games


## ----------- ##
## Core tests. ##
## ----------- ##

configure:1642: checking whether make sets $(MAKE)
configure:1663: result: yes
configure:1716: checking for a BSD-compatible install
configure:1772: result: /usr/bin/install -c
configure:1802: checking for makeinfo
configure:1830: result: no
configure:1841: checking for emacs
configure:1857: found /usr/bin/emacs
configure:1869: result: emacs
configure:1880: checking if emacs is really XEmacs
emacs -batch -eval (let ((x (if (string-match "XEmacs" emacs-version) "yes" "no") )) (write-region (if (stringp x) (princ x) (prin1-to-string x)) nil "./conftest-20596"))
Loading 00debian-vars...
No /etc/mailname. Reverting to default...
Loading /etc/emacs/site-start.d/50dictionaries-common.el (source)...
Skipping dictionaries-common setup for emacs-snapshot
=> no
configure:1913: result: no
configure:1919: checking prefix for your Emacs
emacs -batch -eval (let ((x (expand-file-name ".." invocation-directory))) (write-region (if (stringp x) (princ x) (prin1-to-string x)) nil "./conftest-20596"))
Loading 00debian-vars...
No /etc/mailname. Reverting to default...
Loading /etc/emacs/site-start.d/50dictionaries-common.el (source)...
Skipping dictionaries-common setup for emacs-snapshot
=> /usr
configure:1948: result: /usr
configure:1957: checking where .elc files should go
configure:1982: result: $(datadir)/emacs/site-lisp/gnus
configure:1993: checking where etc files should go
configure:2002: result: $(lispdir)/../../etc
configure:2007: checking where the TeXinfo docs should go
configure:2018: result: ${datarootdir}/info
configure:2023: checking for acceptable URL version
emacs -batch -eval (let ((x (progn (fmakunbound 'url-retrieve) (condition-case nil (progn (require 'url) (fboundp 'url-retrieve)) (error (prog1 nil (message "url not found"))))))) (write-region (if (stringp x) (princ x) (prin1-to-string x)) nil "./conftest-20596"))
Loading 00debian-vars...
No /etc/mailname. Reverting to default...
Loading /etc/emacs/site-start.d/50dictionaries-common.el (source)...
Skipping dictionaries-common setup for emacs-snapshot
=> t
emacs -batch -eval (let ((x (file-name-directory (locate-library "url")))) (write-region (if (stringp x) (princ x) (prin1-to-string x)) nil "./conftest-20596"))
Loading 00debian-vars...
No /etc/mailname. Reverting to default...
Loading /etc/emacs/site-start.d/50dictionaries-common.el (source)...
Skipping dictionaries-common setup for emacs-snapshot
=> /usr/share/emacs/23.0.60/lisp/url/
configure:2120: result: "/usr/share/emacs/23.0.60/lisp/url/"
configure:2124: checking for acceptable W3 version
emacs -batch -eval (let ((x (progn (fmakunbound 'w3-form-encode-xwfu) (condition-case nil (progn (require 'w3-forms) (fboundp 'w3-form-encode-xwfu)) (error (prog1 nil (message "w3-forms not found"))))))) (write-region (if (stringp x) (princ x) (prin1-to-string x)) nil "./conftest-20596"))
Loading 00debian-vars...
No /etc/mailname. Reverting to default...
Loading /etc/emacs/site-start.d/50dictionaries-common.el (source)...
Skipping dictionaries-common setup for emacs-snapshot
w3-forms not found
=> nil
configure:2221: result: "no"
configure:2225: checking which options to pass on to (X)Emacs
configure:2236: result: -batch -q -no-site-file -l $(srcdir)/dgnushack.el
configure:2246: checking for latex
configure:2279: result: no
configure:2288: checking for available fonts
configure:2365: result: "no"
configure:2509: creating ./config.status

## ---------------------- ##
## Running config.status. ##
## ---------------------- ##

This file was extended by config.status, which was
generated by GNU Autoconf 2.61.  Invocation command line was

  CONFIG_FILES    = 
  CONFIG_HEADERS  = 
  CONFIG_LINKS    = 
  CONFIG_COMMANDS = 
  $ ./config.status 

on ankh

config.status:594: creating Makefile
config.status:594: creating etc/Makefile
config.status:594: creating lisp/Makefile
config.status:594: creating texi/Makefile
config.status:594: creating texi/gnusconfig.tex
config.status:594: creating texi/ps/Makefile

## ---------------- ##
## Cache variables. ##
## ---------------- ##

EMACS_cv_ACCEPTABLE_URL=/usr/share/emacs/23.0.60/lisp/url/
EMACS_cv_ACCEPTABLE_W3=no
EMACS_cv_SYS_prefix=/usr
EMACS_cv_SYS_url=yes
EMACS_cv_SYS_url_dir=/usr/share/emacs/23.0.60/lisp/url/
EMACS_cv_SYS_w3_forms=no
EMACS_cv_SYS_xemacsp=no
ac_cv_env_build_alias_set=
ac_cv_env_build_alias_value=
ac_cv_env_host_alias_set=
ac_cv_env_host_alias_value=
ac_cv_env_target_alias_set=
ac_cv_env_target_alias_value=
ac_cv_path_install='/usr/bin/install -c'
ac_cv_prog_EMACS=emacs
ac_cv_prog_MAKEINFO=no
ac_cv_prog_make_make_set=yes

## ----------------- ##
## Output variables. ##
## ----------------- ##

DEFS='-DPACKAGE_NAME=\"\" -DPACKAGE_TARNAME=\"\" -DPACKAGE_VERSION=\"\" -DPACKAGE_STRING=\"\" -DPACKAGE_BUGREPORT=\"\"'
ECHO_C=''
ECHO_N='-n'
ECHO_T=''
EMACS='emacs'
EMACS_FLAVOR='emacs'
FLAGS='-batch -q -no-site-file -l $(srcdir)/dgnushack.el'
HAVE_url='yes'
HAVE_w3_forms='no'
INSTALL_DATA='${INSTALL} -m 644'
INSTALL_PROGRAM='${INSTALL}'
INSTALL_SCRIPT='${INSTALL}'
LATEX='no'
LIBOBJS=''
LIBS=''
LTLIBOBJS=''
MAKEINFO='no'
PACKAGE_BUGREPORT=''
PACKAGE_NAME=''
PACKAGE_STRING=''
PACKAGE_TARNAME=''
PACKAGE_VERSION=''
PATH_SEPARATOR=':'
SET_MAKE=''
SHELL='/bin/bash'
URL='/usr/share/emacs/23.0.60/lisp/url/'
USE_FONTS=''
W3='no'
WITHOUT_FONTS_bcr=''
WITHOUT_FONTS_bembo=''
WITHOUT_FONTS_pfu=''
WITH_FONTS_bcr='%'
WITH_FONTS_bembo='%'
WITH_FONTS_pfu='%'
XEMACS='no'
bindir='${exec_prefix}/bin'
build_alias=''
datadir='${datarootdir}'
datarootdir='${prefix}/share'
docdir='${datarootdir}/doc/${PACKAGE}'
dvidir='${docdir}'
etcdir='$(lispdir)/../../etc'
exec_prefix='${prefix}'
host_alias=''
htmldir='${docdir}'
includedir='${prefix}/include'
info_dir='${datarootdir}/info'
infodir='${datarootdir}/info'
libdir='${exec_prefix}/lib'
libexecdir='${exec_prefix}/libexec'
lispdir='$(datadir)/emacs/site-lisp/gnus'
localedir='${datarootdir}/locale'
localstatedir='${prefix}/var'
mandir='${datarootdir}/man'
oldincludedir='/usr/include'
pdfdir='${docdir}'
prefix='/usr'
program_transform_name='s,x,x,'
psdir='${docdir}'
sbindir='${exec_prefix}/sbin'
sharedstatedir='${prefix}/com'
sysconfdir='${prefix}/etc'
target_alias=''

## ----------- ##
## confdefs.h. ##
## ----------- ##

#define PACKAGE_NAME ""
#define PACKAGE_TARNAME ""
#define PACKAGE_VERSION ""
#define PACKAGE_STRING ""
#define PACKAGE_BUGREPORT ""

configure: exit 0
